<?xml version="1.0" encoding="UTF-8"?>
<!-- Generated by org.testng.reporters.JUnitReportReporter -->
<testsuite skipped="0" hostname="LAPTOP-E7LVRUVI" name="com.leafBot.testcases.CL" tests="2" failures="0" timestamp="14 Jul 2019 10:21:04 GMT" time="19.766" errors="0">
  <testcase name="loginAndLogout" time="7.081" classname="com.leafBot.testcases.CL"/>
  <testcase name="loginAndLogout" time="12.685" classname="com.leafBot.testcases.CL"/>
</testsuite> <!-- com.leafBot.testcases.CL -->
